> Broadcasted message: "Green [112] Assassinou Lindamente o Glorioso Shinobi Moon [128]".
> Broadcasted message: "Saving in 5 seconds...".
> Broadcasted message: "Saving in 5 seconds...".
> Broadcasted message: "Saving in 5 seconds...".
> Broadcasted message: "Saving in 5 seconds...".
> Broadcasted message: "Saving in 5 seconds...".
> Broadcasted message: "Saving in 5 seconds...".
> Broadcasted message: "Green: quem foi o fdp q mato a kaguya ?".
> Broadcasted message: "Saving in 5 seconds...".
> Broadcasted message: "Saving in 5 seconds...".
> Broadcasted message: "Saving in 5 seconds...".
> Broadcasted message: "Saving in 5 seconds...".
> Broadcasted message: "Saving in 5 seconds...".
> Broadcasted message: "Game map cleaning within 30 seconds, please pick up your items!".
> Broadcasted message: "Saving in 5 seconds...".
> Broadcasted message: "Game map cleaned, next clean in 2 hours.".
> Broadcasted message: "Saving in 5 seconds...".
> Broadcasted message: "Saving in 5 seconds...".
> Broadcasted message: "Saving in 5 seconds...".
> Broadcasted message: "Saving in 5 seconds...".
> Broadcasted message: "Saving in 5 seconds...".
> Broadcasted message: "Saving in 5 seconds...".
> Broadcasted message: "Saving in 5 seconds...".
> Broadcasted message: "Saving in 5 seconds...".
> Broadcasted message: "Saving in 5 seconds...".
> Broadcasted message: "Saving in 5 seconds...".
> Broadcasted message: "Gon Freecss [147] Assassinou Lindamente o Glorioso Shinobi Moon [128]".
> Broadcasted message: "Gon Freecss [147] Assassinou Lindamente o Glorioso Shinobi Narutinho [111]".
> Broadcasted message: "Saving in 5 seconds...".
> Broadcasted message: "Game map cleaning within 30 seconds, please pick up your items!".
> Broadcasted message: "Saving in 5 seconds...".
> Broadcasted message: "Game map cleaned, next clean in 2 hours.".
> Broadcasted message: "Saving in 5 seconds...".
> Broadcasted message: "Saving in 5 seconds...".
> Broadcasted message: "Saving in 5 seconds...".
> Broadcasted message: "Saving in 5 seconds...".
> Broadcasted message: "Saving in 5 seconds...".
> Broadcasted message: "Saving in 5 seconds...".
> Broadcasted message: "Saving in 5 seconds...".
> Broadcasted message: "Saving in 5 seconds...".
> Broadcasted message: "Saving in 5 seconds...".
> Broadcasted message: "Saving in 5 seconds...".
> Broadcasted message: "Saving in 5 seconds...".
> Broadcasted message: "Psycho [160] Assassinou Lindamente o Glorioso Shinobi Faelzoor Flash [123]".
> Broadcasted message: "Game map cleaning within 30 seconds, please pick up your items!".
> Broadcasted message: "Saving in 5 seconds...".
> Broadcasted message: "Game map cleaned, next clean in 2 hours.".
> Broadcasted message: "Black Kakashi: BUY ADAMANTIUMS >< Sell Kaguya Defense - Cetre Rikkudo".
> Broadcasted message: "Saving in 5 seconds...".
> Broadcasted message: "Saving in 5 seconds...".
> Broadcasted message: "Saving in 5 seconds...".
> Broadcasted message: "Saving in 5 seconds...".
> Broadcasted message: "Saving in 5 seconds...".
> Broadcasted message: "Black Kakashi: buy adamantium".
> Broadcasted message: "Saving in 5 seconds...".
> Broadcasted message: "Golgordan: O ENGRAÇADO , QUEM TA PUXANDO MEUS CHARES DO CASTLE ?".
> Broadcasted message: "Green: NAO FALE ISSO Q A GABI DPS DIZER Q FOI EU".
> Broadcasted message: "Saving in 5 seconds...".
> Broadcasted message: "Saving in 5 seconds...".
> Broadcasted message: "Saving in 5 seconds...".
> Broadcasted message: "Green: SELL SUSANO ARCH SEND PM".
> Broadcasted message: "Saving in 5 seconds...".
> Broadcasted message: "Saving in 5 seconds...".
> Broadcasted message: "Game map cleaning within 30 seconds, please pick up your items!".
> Broadcasted message: "Saving in 5 seconds...".
> Broadcasted message: "Game map cleaned, next clean in 2 hours.".
> Broadcasted message: "Green: SELL SUSANO ARCH OU TROCO PER IZANAMI GLOVES + ADAMANTIUM".
> Broadcasted message: "Saving in 5 seconds...".
> Broadcasted message: "Green [112] Assassinou Lindamente o Glorioso Shinobi Ronaldinho [101]".
> Broadcasted message: "Saving in 5 seconds...".
> Broadcasted message: "Green: BUY SUSANO SWORD OU TROCO X SUSANO ARCH + KURAMA SWORD + ADAMANTIUM".
> Broadcasted message: "Green: BUY SUSANO SWORD OU TROCO X SUSANO ARCH + KURAMA SWORD + ADAMANTIUM".
> Broadcasted message: "Saving in 5 seconds...".
> Broadcasted message: "Gold Ritter: vendo izanami gloves, kurama sword e royal uchiha boots / pm offer".
> Broadcasted message: "Saving in 5 seconds...".
> Broadcasted message: "Saving in 5 seconds...".
> Broadcasted message: "Black Kakashi: Buy 250 Adamantiums".
> Broadcasted message: "Gold Ritter: vendo izanami gloves, kurama sword e royal uchiha boots / pm offer".
> Broadcasted message: "Gold Ritter: vendo izanami gloves, kurama sword e royal uchiha boots / pm offer".
> Broadcasted message: "Gold Ritter: vendo izanami gloves, kurama sword e royal uchiha boots / pm offer".
> Broadcasted message: "Saving in 5 seconds...".
> Broadcasted message: "Gold Ritter: vendo izanami gloves, kurama sword e royal uchiha boots / pm offer".
> Broadcasted message: "Gold Ritter: troco crystal of victory por adamantium, vendo izanami gloves , kurama sword, royal uchiha boots".
> Broadcasted message: "Saving in 5 seconds...".
> Broadcasted message: "Green: 12:20 Black Kakashi [110]: n fala com pobre 12:20 Black Kakashi [110]: sorry KKKKKKKKKKKKKKKKKKKK O CARA FICA RICO OQ?".
> Broadcasted message: "Black Kakashi [110] Assassinou Lindamente o Glorioso Shinobi Emo Vengador [121]".
> Broadcasted message: "Saving in 5 seconds...".
> Broadcasted message: "Saving in 5 seconds...".
> Broadcasted message: "Saving in 5 seconds...".
> Broadcasted message: "Black Kakashi [110] Assassinou Lindamente o Glorioso Shinobi Gon Freecss [146]".
> Broadcasted message: "Gold Ritter [142] Assassinou Lindamente o Glorioso Shinobi Apocalypse [118]".
> Broadcasted message: "Psycho [160] Assassinou Lindamente o Glorioso Shinobi Black Kakashi [110]".
> Broadcasted message: "Matheusz Thz [105] Assassinou Lindamente o Glorioso Shinobi Black Kakashi [110]".
> Broadcasted message: "Saving in 5 seconds...".
> Broadcasted message: "Psycho [160] Assassinou Lindamente o Glorioso Shinobi Gold Ritter [142]".
> Broadcasted message: "Green: BAZIR ARRUMA OS CORAÇAO DOS LEK ESSES".
> Broadcasted message: "Game map cleaning within 30 seconds, please pick up your items!".
> Broadcasted message: "Saving in 5 seconds...".
> Broadcasted message: "Emo Vengador: CARAS DA GUILD CAIXAO 255 MIN PRA NASCER O NARUTO VICTORY COLA AKI GO GOGO".
> Broadcasted message: "Game map cleaned, next clean in 2 hours.".
> Broadcasted message: "Emo Vengador: CARAS DA GUILD CAIXAO 255seg PRA NASCER O NARUTO VICTORY COLA AKI GO GOGO".
> Broadcasted message: "Gold Ritter: porra vai demorar ainda kk 266 MIN".
> Broadcasted message: "Emo Vengador: CARAS DA GUILD CAIXAO 255seg PRA NASCER O NARUTO VICTORY COLA AKI GO GOGO".
> Broadcasted message: "Emo Vengador: CARAS DA GUILD CAIXAO 1min PRA NASCER O NARUTO VICTORY COLA AKI GO GOGO".
> Broadcasted message: "Gold Ritter: cri ri".
> Broadcasted message: "Saving in 5 seconds...".
> Broadcasted message: "Saving in 5 seconds...".
> Broadcasted message: "Saving in 5 seconds...".
> Broadcasted message: "Emo Vengador: GO GO GO QUEM QUIZER VIR DIARIA VENHA VOU SOLAR".
> Broadcasted message: "Emo Vengador: GO GO GO QUEM QUIZER VIR DIARIA VENHA VOU SOLAR".
> Broadcasted message: "Saving in 5 seconds...".
> Broadcasted message: "Saving in 5 seconds...".
> Broadcasted message: "Saving in 5 seconds...".
> Broadcasted message: "Gold Ritter: vendo crystal of victory".
> Broadcasted message: "Gold Ritter: to indo diaria se alguem quiser ajuda só ir".
> Broadcasted message: "Gold Ritter: vendo crystal of victory".
> Broadcasted message: "Saving in 5 seconds...".
> Broadcasted message: "Saving in 5 seconds...".
> Broadcasted message: "Green [114] Assassinou Lindamente o Glorioso Shinobi Ronaldinho [101]".
> Broadcasted message: "Green: BUY 30 DIAS VIP".
> Broadcasted message: "Saving in 5 seconds...".
> Broadcasted message: "Skt Naruto: bazir ta ae?".
> Broadcasted message: "Saving in 5 seconds...".
> Broadcasted message: "Saving in 5 seconds...".
> Broadcasted message: "Game map cleaning within 30 seconds, please pick up your items!".
> Broadcasted message: "Saving in 5 seconds...".
> Broadcasted message: "Green: TROCO 2 SUSANO ARCH PER 1 SUSANO SWORD KKK + 300 ADAMANTIUM".
> Broadcasted message: "Game map cleaned, next clean in 2 hours.".
> Broadcasted message: "Green: TROCO 2 SUSANO ARCH PER 1 SUSANO SWORD KKK + 300 ADAMANTIUM".
> Broadcasted message: "Green: TROCO 2 SUSANO + 400 ADAMANTIUM ARCH PER 1 SUSANO SWORD KKK SEND PM".
> Broadcasted message: "Saving in 5 seconds...".
> Broadcasted message: "Saving in 5 seconds...".
> Broadcasted message: "Faelzoor Flash: vendo suna backpack".
> Broadcasted message: "Saving in 5 seconds...".
> Broadcasted message: "Saving in 5 seconds...".
> Broadcasted message: "Saving in 5 seconds...".
> Broadcasted message: "Saving in 5 seconds...".
> Broadcasted message: "Gold Ritter: compro 1500 golden essence".
> Broadcasted message: "Bazilisk [124] Assassinou Lindamente o Glorioso Shinobi Ronaldinho [101]".
> Broadcasted message: "Saving in 5 seconds...".
> Broadcasted message: "Gold Ritter: vendo 100 crystal of victory".
> Broadcasted message: "Saving in 5 seconds...".
> Broadcasted message: "Caioshow [151] Assassinou Lindamente o Glorioso Shinobi Golgordan [100]".
> Broadcasted message: "Saving in 5 seconds...".
> Broadcasted message: "Bazilisk [124] Assassinou Lindamente o Glorioso Shinobi Ronaldinho [101]".
> Broadcasted message: "Saving in 5 seconds...".
> Broadcasted message: "Saving in 5 seconds...".
> Broadcasted message: "Game map cleaning within 30 seconds, please pick up your items!".
> Broadcasted message: "Saving in 5 seconds...".
> Broadcasted message: "Game map cleaned, next clean in 2 hours.".
> Broadcasted message: "Psycho [160] Assassinou Lindamente o Glorioso Shinobi Ronaldinho [101]".
> Broadcasted message: "Saving in 5 seconds...".
> Broadcasted message: "Saving in 5 seconds...".
> Broadcasted message: "Saving in 5 seconds...".
> Broadcasted message: "Golgordan [99] Assassinou Lindamente o Glorioso Shinobi Nyko [123]".
> Broadcasted message: "The King [144] Assassinou Lindamente o Glorioso Shinobi Nyko [122]".
> Broadcasted message: "Saving in 5 seconds...".
> Broadcasted message: "Psycho [160] Assassinou Lindamente o Glorioso Shinobi Harlequiyn Magico [101]".
> Broadcasted message: "Golgordan: GERAL LVL 65 COLA AQUI FRENTE DP , FREE ITEMS".
> Broadcasted message: "Green: GO GO GO GO DP KONOHA FREE ITEMS E DIARIA".
> Broadcasted message: "Saving in 5 seconds...".
> Broadcasted message: "Green: BUY CHAR VIP MADARA PAGO COM ADAMANTIUM OU CRYSTAL".
> Broadcasted message: "Golgordan [99] Assassinou Lindamente o Glorioso Shinobi Rinnegan [120]".
> Broadcasted message: "Saving in 5 seconds...".
> Broadcasted message: "Ecstasy [115] Assassinou Lindamente o Glorioso Shinobi Nyko [121]".
> Broadcasted message: "Green [114] Assassinou Lindamente o Glorioso Shinobi Nyko [121]".
> Broadcasted message: "Golgordan: ingenuo d mais".
> Broadcasted message: "Lee Mt [111] Assassinou Lindamente o Glorioso Shinobi Nyko [119]".
> Broadcasted message: "Saving in 5 seconds...".
> Broadcasted message: "Ecstasy [116] Assassinou Lindamente o Glorioso Shinobi Nyko [118]".
> Broadcasted message: "Ecstasy [116] Assassinou Lindamente o Glorioso Shinobi Nyko [117]".
> Broadcasted message: "Green [114] Assassinou Lindamente o Glorioso Shinobi Nyko [116]".
> Broadcasted message: "Ecstasy [116] Assassinou Lindamente o Glorioso Shinobi Green [114]".
> Broadcasted message: "Saving in 5 seconds...".
> Broadcasted message: "Green [114] Assassinou Lindamente o Glorioso Shinobi Lee Mt [111]".
> Broadcasted message: "Green [114] Assassinou Lindamente o Glorioso Shinobi Lee Mt [110]".
> Broadcasted message: "Ecstasy [116] Assassinou Lindamente o Glorioso Shinobi Green [114]".
> Broadcasted message: "Saving in 5 seconds...".
> Broadcasted message: "Golgordan [99] Assassinou Lindamente o Glorioso Shinobi Lee Mt [109]".
> Broadcasted message: "Golgordan [99] Assassinou Lindamente o Glorioso Shinobi Teste [107]".
> Broadcasted message: "Teste: ?".
> Broadcasted message: "Teste: 'e war?".
> Broadcasted message: "Golgordan: tamo se matando".
> Broadcasted message: "Ecstasy [116] Assassinou Lindamente o Glorioso Shinobi Teste [106]".
> Broadcasted message: "Matheusz Thz [105] Assassinou Lindamente o Glorioso Shinobi Lee Mt [109]".
> Broadcasted message: "Saving in 5 seconds...".
> Broadcasted message: "Lee Mt [108] Assassinou Lindamente o Glorioso Shinobi Matheusz Thz [105]".
> Broadcasted message: "Lee Mt [108] Assassinou Lindamente o Glorioso Shinobi Matheusz Thz [104]".
> Broadcasted message: "Ecstasy [116] Assassinou Lindamente o Glorioso Shinobi Matheusz Thz [103]".
> Broadcasted message: "Bazilisk [124] Assassinou Lindamente o Glorioso Shinobi Harlequiyn Magico [100]".
> Broadcasted message: "Lee Mt [108] Assassinou Lindamente o Glorioso Shinobi Matheusz Thz [102]".
> Broadcasted message: "Ecstasy [116] Assassinou Lindamente o Glorioso Shinobi Matheusz Thz [101]".
> Broadcasted message: "Bazilisk [124] Assassinou Lindamente o Glorioso Shinobi Eaemyg [119]".
> Broadcasted message: "Bazilisk [124] Assassinou Lindamente o Glorioso Shinobi Eaemyg [118]".
> Broadcasted message: "Eaemyg [117] Assassinou Lindamente o Glorioso Shinobi Ecstasy [117]".
> Broadcasted message: "Lee Mt [108] Assassinou Lindamente o Glorioso Shinobi Eaemyg [117]".
> Broadcasted message: "Bazilisk [125] Assassinou Lindamente o Glorioso Shinobi Lee Mt [108]".
> Broadcasted message: "Saving in 5 seconds...".
> Broadcasted message: "Bazilisk [125] Assassinou Lindamente o Glorioso Shinobi Eaemyg [116]".
> Broadcasted message: "Matheusz Thz [101] Assassinou Lindamente o Glorioso Shinobi Ecstasy [116]".
> Broadcasted message: "The King [144] Assassinou Lindamente o Glorioso Shinobi Matheusz Thz [101]".
> Broadcasted message: "Buduvieser [107] Assassinou Lindamente o Glorioso Shinobi Rinnegan [122]".
> Broadcasted message: "The King [144] Assassinou Lindamente o Glorioso Shinobi Eaemyg [115]".
> Broadcasted message: "Game map cleaning within 30 seconds, please pick up your items!".
> Broadcasted message: "Saving in 5 seconds...".
> Broadcasted message: "Game map cleaned, next clean in 2 hours.".
> Broadcasted message: "The King [144] Assassinou Lindamente o Glorioso Shinobi Rinnegan [121]".
> Broadcasted message: "Matheusz Thz [100] Assassinou Lindamente o Glorioso Shinobi Rinnegan [120]".
> Broadcasted message: "Saving in 5 seconds...".
> Broadcasted message: "Saving in 5 seconds...".
> Broadcasted message: "Saving in 5 seconds...".
> Broadcasted message: "Emo Vengador: BUY VOC VIP SEND PM".
> Broadcasted message: "Psycho acabou de encontrar um Item Raro Nível ( III )".
> Broadcasted message: "Emo Vengador: BUY VOC VIP SEND PM".
> Broadcasted message: "Saving in 5 seconds...".
> Broadcasted message: "Green: CAIXOES NASCEU O NARUTO VICTORY GO GO GO COLA AKI".
> Broadcasted message: "Caioshow: fiz o rinnegan kitar qnd ele me viu em konoha ja deu fuga tlgd ne pae".
> Broadcasted message: "Caioshow: o nome da peça é caioshow brota filhote de cruz credo".
> Broadcasted message: "Saving in 5 seconds...".
> Broadcasted message: "Toddynho: naruto seus corno".
> Broadcasted message: "Caioshow [152] Assassinou Lindamente o Glorioso Shinobi Rinnegan [118]".
> Broadcasted message: "Green: CAIXOES NASCEU O NARUTO VICTORY GO GO GO COLA AKI".
> Broadcasted message: "Emo Vengador: BUY VOC VIP SEND PM".
> Broadcasted message: "Green: CAIXOES NASCEU O NARUTO VICTORY GO GO GO COLA AKI".
> Broadcasted message: "Saving in 5 seconds...".
> Broadcasted message: "Saving in 5 seconds...".
> Broadcasted message: "Saving in 5 seconds...".
> Broadcasted message: "Saving in 5 seconds...".
> Broadcasted message: "Saving in 5 seconds...".
> Broadcasted message: "Poderoso Ninja: vendo meu set completo".
> Broadcasted message: "Poderoso Ninja: vendo meu set completo".
> Broadcasted message: "Saving in 5 seconds...".
> Broadcasted message: "Poderoso Ninja: vendo meu set completo".
> Broadcasted message: "Game map cleaning within 30 seconds, please pick up your items!".
> Broadcasted message: "Saving in 5 seconds...".
> Broadcasted message: "Game map cleaned, next clean in 2 hours.".
> Broadcasted message: "Saving in 5 seconds...".
> Broadcasted message: "Saving in 5 seconds...".
> Broadcasted message: "Gold Ritter: vendo suna backpack".
> Broadcasted message: "Saving in 5 seconds...".
> Broadcasted message: "Saving in 5 seconds...".
> Broadcasted message: "Saving in 5 seconds...".
> Broadcasted message: "Son Goku [155] Assassinou Lindamente o Glorioso Shinobi Clone Das Sombras [101]".
> Broadcasted message: "Saving in 5 seconds...".
> Broadcasted message: "Saving in 5 seconds...".
> Broadcasted message: "Saving in 5 seconds...".
> Broadcasted message: "Uchiha Saski [91] Assassinou Lindamente o Glorioso Shinobi Procurando Nemo [103]".
> Broadcasted message: "Saving in 5 seconds...".
> Broadcasted message: "Saving in 5 seconds...".
> Broadcasted message: "Poderoso Ninja: vendo meu set completo aki".
> Broadcasted message: "Saving in 5 seconds...".
> Broadcasted message: "Toddynho: Loot of a hagoromo: 33 Gold Bars, a Otsutsuki Protector, a Crystal of Victory Essence.".
> Broadcasted message: "Game map cleaning within 30 seconds, please pick up your items!".
> Broadcasted message: "Saving in 5 seconds...".
> Broadcasted message: "Game map cleaned, next clean in 2 hours.".
> Broadcasted message: "Saving in 5 seconds...".
> Broadcasted message: "Saving in 5 seconds...".
> Broadcasted message: "Toddynho [154] Assassinou Lindamente o Glorioso Shinobi Ronaldinho [101]".
> Broadcasted message: "Toddynho [154] Assassinou Lindamente o Glorioso Shinobi Ronaldinho [101]".
> Broadcasted message: "Saving in 5 seconds...".
> Broadcasted message: "The King [144] Assassinou Lindamente o Glorioso Shinobi Ronaldinho [100]".
> Broadcasted message: "The King [144] Assassinou Lindamente o Glorioso Shinobi Ronaldinho [100]".
> Broadcasted message: "Saving in 5 seconds...".
> Broadcasted message: "Saving in 5 seconds...".
> Broadcasted message: "Saving in 5 seconds...".
> Broadcasted message: "Saving in 5 seconds...".
> Broadcasted message: "Saving in 5 seconds...".
> Broadcasted message: "Saving in 5 seconds...".
> Broadcasted message: "Saving in 5 seconds...".
> Broadcasted message: "Saving in 5 seconds...".
> Broadcasted message: "Game map cleaning within 30 seconds, please pick up your items!".
> Broadcasted message: "Saving in 5 seconds...".
> Broadcasted message: "Game map cleaned, next clean in 2 hours.".
> Broadcasted message: "Saving in 5 seconds...".
> Broadcasted message: "Saving in 5 seconds...".
> Broadcasted message: "Saving in 5 seconds...".
> Broadcasted message: "Saving in 5 seconds...".
> Broadcasted message: "Saving in 5 seconds...".
> Broadcasted message: "Saving in 5 seconds...".
> Broadcasted message: "Saving in 5 seconds...".
> Broadcasted message: "Skt Madara [110] Assassinou Lindamente o Glorioso Shinobi Ronaldinho [100]".
> Broadcasted message: "Saving in 5 seconds...".
> Broadcasted message: "Saving in 5 seconds...".
> Broadcasted message: "Saving in 5 seconds...".
> Broadcasted message: "Saving in 5 seconds...".
> Broadcasted message: "Game map cleaning within 30 seconds, please pick up your items!".
> Broadcasted message: "Saving in 5 seconds...".
> Broadcasted message: "Game map cleaned, next clean in 2 hours.".
> Broadcasted message: "Saving in 5 seconds...".
> Broadcasted message: "Saving in 5 seconds...".
> Broadcasted message: "Saving in 5 seconds...".
> Broadcasted message: "Saving in 5 seconds...".
> Broadcasted message: "Saving in 5 seconds...".
> Broadcasted message: "Saving in 5 seconds...".
> Broadcasted message: "Saving in 5 seconds...".
> Broadcasted message: "Saving in 5 seconds...".
> Broadcasted message: "Saving in 5 seconds...".
> Broadcasted message: "Saving in 5 seconds...".
> Broadcasted message: "Saving in 5 seconds...".
> Broadcasted message: "Game map cleaning within 30 seconds, please pick up your items!".
> Broadcasted message: "Saving in 5 seconds...".
> Broadcasted message: "Game map cleaned, next clean in 2 hours.".
> Broadcasted message: "Saving in 5 seconds...".
> Broadcasted message: "Saving in 5 seconds...".
> Broadcasted message: "Rock Star [143] Assassinou Lindamente o Glorioso Shinobi Narutinho [112]".
> Broadcasted message: "Saving in 5 seconds...".
> Broadcasted message: "Saving in 5 seconds...".
> Broadcasted message: "Saving in 5 seconds...".
> Broadcasted message: "Saving in 5 seconds...".
> Broadcasted message: "Saving in 5 seconds...".
> Broadcasted message: "Saving in 5 seconds...".
> Broadcasted message: "Saving in 5 seconds...".
> Broadcasted message: "Saving in 5 seconds...".
> Broadcasted message: "Saving in 5 seconds...".
> Broadcasted message: "Game map cleaning within 30 seconds, please pick up your items!".
> Broadcasted message: "Saving in 5 seconds...".
> Broadcasted message: "Game map cleaned, next clean in 2 hours.".
> Broadcasted message: "Saving in 5 seconds...".
> Broadcasted message: "Saving in 5 seconds...".
> Broadcasted message: "Gold Ritter [144] Assassinou Lindamente o Glorioso Shinobi Skt Naruto [120]".
> Broadcasted message: "Boil [133] Assassinou Lindamente o Glorioso Shinobi Rock Star [143]".
> Broadcasted message: "Saving in 5 seconds...".
> Broadcasted message: "Black Kakashi [110] Assassinou Lindamente o Glorioso Shinobi Rock Star [143]".
> Broadcasted message: "Saving in 5 seconds...".
> Broadcasted message: "Saving in 5 seconds...".
> Broadcasted message: "Saving in 5 seconds...".
> Broadcasted message: "Saving in 5 seconds...".
> Broadcasted message: "Saving in 5 seconds...".
> Broadcasted message: "Saving in 5 seconds...".
> Broadcasted message: "Saving in 5 seconds...".
> Broadcasted message: "Saving in 5 seconds...".
> Broadcasted message: "Game map cleaning within 30 seconds, please pick up your items!".
> Broadcasted message: "Saving in 5 seconds...".
> Broadcasted message: "Game map cleaned, next clean in 2 hours.".
> Broadcasted message: "Saving in 5 seconds...".
> Broadcasted message: "Saving in 5 seconds...".
> Broadcasted message: "Saving in 5 seconds...".
> Broadcasted message: "Saving in 5 seconds...".
> Broadcasted message: "Saving in 5 seconds...".
> Broadcasted message: "Sucuzinho [110] Assassinou Lindamente o Glorioso Shinobi Lee Mt [108]".
> Broadcasted message: "Saving in 5 seconds...".
> Broadcasted message: "Saving in 5 seconds...".
> Broadcasted message: "Saving in 5 seconds...".
> Broadcasted message: "Saving in 5 seconds...".
> Broadcasted message: "Saving in 5 seconds...".
> Broadcasted message: "Saving in 5 seconds...".
> Broadcasted message: "Game map cleaning within 30 seconds, please pick up your items!".
> Broadcasted message: "Saving in 5 seconds...".
> Broadcasted message: "Game map cleaned, next clean in 2 hours.".
> Broadcasted message: "Saving in 5 seconds...".
> Broadcasted message: "Saving in 5 seconds...".
> Broadcasted message: "Saving in 5 seconds...".
> Broadcasted message: "Bazir [156] Assassinou Lindamente o Glorioso Shinobi Faelzoor Flash [129]".
> Broadcasted message: "Saving in 5 seconds...".
> Broadcasted message: "Saving in 5 seconds...".
> Broadcasted message: "Bazir [156] Assassinou Lindamente o Glorioso Shinobi Narutinho [112]".
> Broadcasted message: "Saving in 5 seconds...".
> Broadcasted message: "Saving in 5 seconds...".
> Broadcasted message: "Saving in 5 seconds...".
> Broadcasted message: "Saving in 5 seconds...".
> Broadcasted message: "Saving in 5 seconds...".
> Broadcasted message: "Saving in 5 seconds...".
> Broadcasted message: "Green [116] Assassinou Lindamente o Glorioso Shinobi System Error [101]".
> Broadcasted message: "Game map cleaning within 30 seconds, please pick up your items!".
> Broadcasted message: "Saving in 5 seconds...".
> Broadcasted message: "Game map cleaned, next clean in 2 hours.".
> Broadcasted message: "Saving in 5 seconds...".
> Broadcasted message: "Saving in 5 seconds...".
> Broadcasted message: "Saving in 5 seconds...".
> Broadcasted message: "Saving in 5 seconds...".
> Broadcasted message: "Saving in 5 seconds...".
> Broadcasted message: "Saving in 5 seconds...".
> Broadcasted message: "Saving in 5 seconds...".
> Broadcasted message: "Saving in 5 seconds...".
> Broadcasted message: "Saving in 5 seconds...".
> Broadcasted message: "Saving in 5 seconds...".
> Broadcasted message: "Saving in 5 seconds...".
> Broadcasted message: "Game map cleaning within 30 seconds, please pick up your items!".
> Broadcasted message: "Saving in 5 seconds...".
> Broadcasted message: "Game map cleaned, next clean in 2 hours.".
> Broadcasted message: "Saving in 5 seconds...".
> Broadcasted message: "Saving in 5 seconds...".
> Broadcasted message: "Saving in 5 seconds...".
> Broadcasted message: "Saving in 5 seconds...".
> Broadcasted message: "Saving in 5 seconds...".
> Broadcasted message: "Saving in 5 seconds...".
> Broadcasted message: "Saving in 5 seconds...".
> Broadcasted message: "Saving in 5 seconds...".
> Broadcasted message: "Saving in 5 seconds...".
> Broadcasted message: "Saving in 5 seconds...".
> Broadcasted message: "Saving in 5 seconds...".
> Broadcasted message: "Game map cleaning within 30 seconds, please pick up your items!".
> Broadcasted message: "Saving in 5 seconds...".
> Broadcasted message: "Game map cleaned, next clean in 2 hours.".
> Broadcasted message: "Saving in 5 seconds...".
> Broadcasted message: "Saving in 5 seconds...".
> Broadcasted message: "Green: SELL 250 CRYSTAL VICTORY".
> Broadcasted message: "Saving in 5 seconds...".
> Broadcasted message: "Saving in 5 seconds...".
> Broadcasted message: "Saving in 5 seconds...".
> Broadcasted message: "Saving in 5 seconds...".
> Broadcasted message: "Saving in 5 seconds...".
> Broadcasted message: "Saving in 5 seconds...".
> Broadcasted message: "Saving in 5 seconds...".
> Broadcasted message: "Saving in 5 seconds...".
> Broadcasted message: "Saving in 5 seconds...".
> Broadcasted message: "Green: QUEM FOI O FDP Q MATO A KAGUYA ?¿".
> Broadcasted message: "Game map cleaning within 30 seconds, please pick up your items!".
> Broadcasted message: "Saving in 5 seconds...".
> Broadcasted message: "Game map cleaned, next clean in 2 hours.".
> Broadcasted message: "Saving in 5 seconds...".
> Broadcasted message: "Green: CAIOXOES NASCEU O NARUTO VICTORY GO GO GO COLA AKI".
> Broadcasted message: "Saving in 5 seconds...".
> Broadcasted message: "Saving in 5 seconds...".
> Broadcasted message: "Saving in 5 seconds...".
> Broadcasted message: "Saving in 5 seconds...".
> Broadcasted message: "Saving in 5 seconds...".
> Broadcasted message: "Saving in 5 seconds...".
> Broadcasted message: "Saving in 5 seconds...".
> Broadcasted message: "Saving in 5 seconds...".
> Broadcasted message: "Poderoso Ninja: Vendo Meu Set Completo Aki Pm".
> Broadcasted message: "Poderoso Ninja: Vendo Meu Set Completo Aki Pm".
> Broadcasted message: "Saving in 5 seconds...".
> Broadcasted message: "Saving in 5 seconds...".
> Broadcasted message: "Game map cleaning within 30 seconds, please pick up your items!".
> Broadcasted message: "Saving in 5 seconds...".
> Broadcasted message: "Game map cleaned, next clean in 2 hours.".
> Broadcasted message: "Saving in 5 seconds...".
> Broadcasted message: "Gold Ritter: to indo diaria quem quiser ir espera na entrada".
> Broadcasted message: "Gold Ritter: to indo diaria quem quiser ir espera na entrada".
> Broadcasted message: "Faelzoor Flash: mais alguem esta vindo?".
> Broadcasted message: "Saving in 5 seconds...".
> Broadcasted message: "Gold Ritter: se morrer n vo volta".
> Broadcasted message: "Saving in 5 seconds...".
> Broadcasted message: "Lula: green seu corno ta ae".
> Broadcasted message: "Faelzoor Flash: quem ta na fila de espera de uma voc kage me manda pm se estver online".
> Broadcasted message: "Saving in 5 seconds...".
> Broadcasted message: "Saving in 5 seconds...".
> Broadcasted message: "Saving in 5 seconds...".
> Broadcasted message: "Saving in 5 seconds...".
> Broadcasted message: "Saving in 5 seconds...".
> Broadcasted message: "Saving in 5 seconds...".
> Broadcasted message: "Saving in 5 seconds...".
> Broadcasted message: "Saving in 5 seconds...".
> Broadcasted message: "Game map cleaning within 30 seconds, please pick up your items!".
> Broadcasted message: "Saving in 5 seconds...".
> Broadcasted message: "Game map cleaned, next clean in 2 hours.".
> Broadcasted message: "Saving in 5 seconds...".
> Broadcasted message: "Saving in 5 seconds...".
> Broadcasted message: "Saving in 5 seconds...".
> Broadcasted message: "Gold Ritter: bora pvp low level cambada?".
> Broadcasted message: "Saving in 5 seconds...".
> Broadcasted message: "Saving in 5 seconds...".
> Broadcasted message: "Saving in 5 seconds...".
> Broadcasted message: "Run Or Die: vou tacar uma izanami em um local secreto quem achar se deu bem mas e viado".
> Broadcasted message: "Run Or Die: escondi uma izanami em konoha quem achar ta mec".
> Broadcasted message: "Saving in 5 seconds...".
> Broadcasted message: "Run Or Die: brota na minah house vou pegar +1 e esconder".
> Broadcasted message: "Run Or Die: escondi a izanami ,valendo".
> Broadcasted message: "Saving in 5 seconds...".
> Broadcasted message: "Saving in 5 seconds...".
> Broadcasted message: "Kazumi: run ta de cao pow kkkkkk".
> Broadcasted message: "Saving in 5 seconds...".
> Broadcasted message: "Saving in 5 seconds...".
> Broadcasted message: "Game map cleaning within 30 seconds, please pick up your items!".
> Broadcasted message: "Saving in 5 seconds...".
> Broadcasted message: "Game map cleaned, next clean in 2 hours.".
> Broadcasted message: "Skt Madara [110] Assassinou Lindamente o Glorioso Shinobi Teste [108]".
> Broadcasted message: "Saving in 5 seconds...".
> Broadcasted message: "Saving in 5 seconds...".
> Broadcasted message: "Saving in 5 seconds...".
> Broadcasted message: "Saving in 5 seconds...".
> Broadcasted message: "Green [119] Assassinou Lindamente o Glorioso Shinobi Clone Das Sombras [102]".
> Broadcasted message: "Saving in 5 seconds...".
> Broadcasted message: "Saving in 5 seconds...".
> Broadcasted message: "Saving in 5 seconds...".
> Broadcasted message: "Saving in 5 seconds...".
> Broadcasted message: "Saving in 5 seconds...".
> Broadcasted message: "Saving in 5 seconds...".
> Broadcasted message: "Saving in 5 seconds...".
> Broadcasted message: "Game map cleaning within 30 seconds, please pick up your items!".
> Broadcasted message: "Saving in 5 seconds...".
> Broadcasted message: "Game map cleaned, next clean in 2 hours.".
> Broadcasted message: "Saving in 5 seconds...".
> Broadcasted message: "Saving in 5 seconds...".
> Broadcasted message: "Saving in 5 seconds...".
> Broadcasted message: "Saving in 5 seconds...".
> Broadcasted message: "Saving in 5 seconds...".
> Broadcasted message: "Saving in 5 seconds...".
> Broadcasted message: "Saving in 5 seconds...".
> Broadcasted message: "Saving in 5 seconds...".
> Broadcasted message: "Saving in 5 seconds...".
> Broadcasted message: "Saving in 5 seconds...".
> Broadcasted message: "Saving in 5 seconds...".
> Broadcasted message: "Game map cleaning within 30 seconds, please pick up your items!".
> Broadcasted message: "Saving in 5 seconds...".
> Broadcasted message: "Game map cleaned, next clean in 2 hours.".
> Broadcasted message: "Saving in 5 seconds...".
> Broadcasted message: "Saving in 5 seconds...".
> Broadcasted message: "Saving in 5 seconds...".
> Broadcasted message: "Saving in 5 seconds...".
> Broadcasted message: "Saving in 5 seconds...".
> Broadcasted message: "Saving in 5 seconds...".
> Broadcasted message: "Saving in 5 seconds...".
> Broadcasted message: "Saving in 5 seconds...".
> Broadcasted message: "Saving in 5 seconds...".
> Broadcasted message: "Saving in 5 seconds...".
> Broadcasted message: "Saving in 5 seconds...".
> Broadcasted message: "Game map cleaning within 30 seconds, please pick up your items!".
> Broadcasted message: "Saving in 5 seconds...".
> Broadcasted message: "Game map cleaned, next clean in 2 hours.".
> Broadcasted message: "Saving in 5 seconds...".
> Broadcasted message: "Saving in 5 seconds...".
> Broadcasted message: "Saving in 5 seconds...".
> Broadcasted message: "Saving in 5 seconds...".
> Broadcasted message: "Saving in 5 seconds...".
> Broadcasted message: "Saving in 5 seconds...".
> Broadcasted message: "Saving in 5 seconds...".
> Broadcasted message: "Saving in 5 seconds...".
> Broadcasted message: "Saving in 5 seconds...".
> Broadcasted message: "Saving in 5 seconds...".
> Broadcasted message: "Saving in 5 seconds...".
> Broadcasted message: "Game map cleaning within 30 seconds, please pick up your items!".
> Broadcasted message: "Saving in 5 seconds...".
> Broadcasted message: "Game map cleaned, next clean in 2 hours.".
> Broadcasted message: "Saving in 5 seconds...".
> Broadcasted message: "Toddynho: Sell Kaguya Helmet (vip coin)".
> Broadcasted message: "Saving in 5 seconds...".
> Broadcasted message: "Toddynho: Sell Kaguya Helmet (vip coin)".
> Broadcasted message: "Toddynho: Sell Kaguya Helmet (vip coin)".
> Broadcasted message: "Saving in 5 seconds...".
> Broadcasted message: "Toddynho: Sell Kaguya Helmet (vip coin)".
> Broadcasted message: "Toddynho: Sell Kaguya Helmet (vip coin)".
> Broadcasted message: "Saving in 5 seconds...".
> Broadcasted message: "Toddynho: Sell Kaguya Helmet (vip coin)-Sell Adamantiums".
> Broadcasted message: "Toddynho: Sell Kaguya Helmet (vip coin)-Sell Adamantiums".
> Broadcasted message: "Saving in 5 seconds...".
> Broadcasted message: "Saving in 5 seconds...".
> Broadcasted message: "Toddynho: Sell Kaguya Helmet (vip coin)-Sell Adamantiums".
> Broadcasted message: "Saving in 5 seconds...".
> Broadcasted message: "Saving in 5 seconds...".
> Broadcasted message: "Saving in 5 seconds...".
> Broadcasted message: "Saving in 5 seconds...".
> Broadcasted message: "Saving in 5 seconds...".
> Broadcasted message: "Toddynho: Sell Kaguya Helmet (vip coin)-Sell Adamantiums".
> Broadcasted message: "Game map cleaning within 30 seconds, please pick up your items!".
> Broadcasted message: "Saving in 5 seconds...".
> Broadcasted message: "Game map cleaned, next clean in 2 hours.".
> Broadcasted message: "Saving in 5 seconds...".
> Broadcasted message: "Saving in 5 seconds...".
> Broadcasted message: "Saving in 5 seconds...".
> Broadcasted message: "Saving in 5 seconds...".
> Broadcasted message: "Saving in 5 seconds...".
> Broadcasted message: "Saving in 5 seconds...".
> Broadcasted message: "Saving in 5 seconds...".
> Broadcasted message: "Saving in 5 seconds...".
> Broadcasted message: "Bazir acabou de encontrar uma parte do Set Raro Nível ( III )".
> Broadcasted message: "Saving in 5 seconds...".
> Broadcasted message: "Saving in 5 seconds...".
> Broadcasted message: "Saving in 5 seconds...".
> Broadcasted message: "Faelzoor Flash [132] Assassinou Lindamente o Glorioso Shinobi Skt Kisame [117]".
> Broadcasted message: "Game map cleaning within 30 seconds, please pick up your items!".
> Broadcasted message: "Saving in 5 seconds...".
> Broadcasted message: "Game map cleaned, next clean in 2 hours.".
> Broadcasted message: "Toddynho [157] Assassinou Lindamente o Glorioso Shinobi Ronaldinho [105]".
> Broadcasted message: "Green: TODDYNHO FDP".
> Broadcasted message: "Saving in 5 seconds...".
> Broadcasted message: "Saving in 5 seconds...".
> Broadcasted message: "Rock Star [145] Assassinou Lindamente o Glorioso Shinobi Narutinho [115]".
> Broadcasted message: "Saving in 5 seconds...".
> Broadcasted message: "Rock Star [145] Assassinou Lindamente o Glorioso Shinobi Narutinho [115]".
> Broadcasted message: "Rock Star [145] Assassinou Lindamente o Glorioso Shinobi Narutinho [114]".
> Broadcasted message: "Skt Madara: eros ta ae? se tiver da goto aqui".
> Broadcasted message: "Saving in 5 seconds...".
> Broadcasted message: "Saving in 5 seconds...".
> Broadcasted message: "Green: CARAS DA GUILD CAIXAO COLA AKI NASCEU NARUTO GO G OGO".
> Broadcasted message: "Bazir: 4 MINUTOS PRO CASTLÇE COMEÇA VC VAI FICA PRESO AI CARA".
> Broadcasted message: "[ Castelo Guild Dominante ] Aberto por ( Exatos 60 Minutos ), que comece a War !.".
> Broadcasted message: "Rock Star: go tirar um pvp no castle e.e".
> Broadcasted message: "Saving in 5 seconds...".
> Broadcasted message: "Saving in 5 seconds...".
> Broadcasted message: "[Castelo Advanced] ATENCAO! A guild Hit Em Up esta muito proxima do dominio, ataquem!".
> Broadcasted message: "[Castelo Advanced] ATENCAO! A guild Caixao Sorridente esta tentando dominar o castelo, preparem-se!".
> Broadcasted message: "[Castelo Advanced] O jogador [Faelzoor Flash] e sua guild [Hit Em Up] estao no comando do castelo, va dominar e impedir isso!".
> Broadcasted message: "[Castelo Advanced] ATENCAO! A guild Caixao Sorridente esta muito proxima do dominio, ataquem!".
> Broadcasted message: "[Castelo Advanced] O jogador [The King] e sua guild [Caixao Sorridente] estao no comando do castelo, va dominar e impedir isso!".
> Broadcasted message: "[Castelo Advanced] ATENCAO! A guild Caixao Sorridente esta muito proxima do dominio, ataquem!".
> Broadcasted message: "Saving in 5 seconds...".
> Broadcasted message: "[Castelo Advanced] ATENCAO! A guild Hit Em Up esta tentando dominar o castelo, preparem-se!".
> Broadcasted message: "[Castelo Advanced] ATENCAO! A guild Hit Em Up esta muito proxima do dominio, ataquem!".
> Broadcasted message: "[Castelo Advanced] ATENCAO! A guild Caixao Sorridente esta muito proxima do dominio, ataquem!".
> Broadcasted message: "[Castelo Advanced] ATENCAO! A guild Hit Em Up esta muito proxima do dominio, ataquem!".
> Broadcasted message: "[Castelo Advanced] ATENCAO! A guild Caixao Sorridente esta muito proxima do dominio, ataquem!".
> Broadcasted message: "[Castelo Advanced] ATENCAO! A guild Hit Em Up esta muito proxima do dominio, ataquem!".
> Broadcasted message: "[Castelo Advanced] ATENCAO! A guild Caixao Sorridente esta muito proxima do dominio, ataquem!".
> Broadcasted message: "[Castelo Advanced] ATENCAO! A guild Hit Em Up esta muito proxima do dominio, ataquem!".
> Broadcasted message: "[Castelo Advanced] ATENCAO! A guild Caixao Sorridente esta muito proxima do dominio, ataquem!".
> Broadcasted message: "[Castelo Advanced] ATENCAO! A guild Hit Em Up esta muito proxima do dominio, ataquem!".
> Broadcasted message: "[Castelo Advanced] ATENCAO! A guild Caixao Sorridente esta muito proxima do dominio, ataquem!".
> Broadcasted message: "Saving in 5 seconds...".
> Broadcasted message: "[Castelo Advanced] ATENCAO! A guild Hit Em Up esta muito proxima do dominio, ataquem!".
> Broadcasted message: "[Castelo Advanced] ATENCAO! A guild Caixao Sorridente esta muito proxima do dominio, ataquem!".
> Broadcasted message: "[Castelo Advanced] ATENCAO! A guild Hit Em Up esta muito proxima do dominio, ataquem!".
> Broadcasted message: "[Castelo Advanced] ATENCAO! A guild Caixao Sorridente esta muito proxima do dominio, ataquem!".
> Broadcasted message: "Gold Ritter: falta dano e gente kkk".
> Broadcasted message: "[Castelo Advanced] ATENCAO! A guild Hit Em Up esta muito proxima do dominio, ataquem!".
> Broadcasted message: "[Castelo Advanced] ATENCAO! A guild Caixao Sorridente esta muito proxima do dominio, ataquem!".
> Broadcasted message: "[Castelo Advanced] ATENCAO! A guild Hit Em Up esta muito proxima do dominio, ataquem!".
> Broadcasted message: "[Castelo Advanced] ATENCAO! A guild Caixao Sorridente esta muito proxima do dominio, ataquem!".
> Broadcasted message: "[Castelo Advanced] ATENCAO! A guild Hit Em Up esta muito proxima do dominio, ataquem!".
> Broadcasted message: "[Castelo Advanced] ATENCAO! A guild Caixao Sorridente esta muito proxima do dominio, ataquem!".
> Broadcasted message: "[Castelo Advanced] O jogador [Faelzoor Flash] e sua guild [Hit Em Up] estao no comando do castelo, va dominar e impedir isso!".
> Broadcasted message: "[Castelo Advanced] ATENCAO! A guild Hit Em Up esta tentando dominar o castelo, preparem-se!".
> Broadcasted message: "[Castelo Advanced] ATENCAO! A guild Caixao Sorridente esta tentando dominar o castelo, preparem-se!".
> Broadcasted message: "[Castelo Advanced] ATENCAO! A guild Hit Em Up esta tentando dominar o castelo, preparem-se!".
> Broadcasted message: "[Castelo Advanced] ATENCAO! A guild Caixao Sorridente esta tentando dominar o castelo, preparem-se!".
> Broadcasted message: "[Castelo Advanced] ATENCAO! A guild Hit Em Up esta tentando dominar o castelo, preparem-se!".
> Broadcasted message: "[Castelo Advanced] O jogador [The King] e sua guild [Caixao Sorridente] estao no comando do castelo, va dominar e impedir isso!".
> Broadcasted message: "[Castelo Advanced] ATENCAO! A guild Hit Em Up esta tentando dominar o castelo, preparem-se!".
> Broadcasted message: "[Castelo Advanced] ATENCAO! A guild Caixao Sorridente esta tentando dominar o castelo, preparem-se!".
> Broadcasted message: "[Castelo Advanced] ATENCAO! A guild Hit Em Up esta tentando dominar o castelo, preparem-se!".
> Broadcasted message: "[Castelo Advanced] ATENCAO! A guild Caixao Sorridente esta muito proxima do dominio, ataquem!".
> Broadcasted message: "[Castelo Advanced] ATENCAO! A guild Hit Em Up esta muito proxima do dominio, ataquem!".
> Broadcasted message: "[Castelo Advanced] ATENCAO! A guild Caixao Sorridente esta muito proxima do dominio, ataquem!".
> Broadcasted message: "[Castelo Advanced] ATENCAO! A guild Hit Em Up esta muito proxima do dominio, ataquem!".
> Broadcasted message: "[Castelo Advanced] ATENCAO! A guild Caixao Sorridente esta muito proxima do dominio, ataquem!".
> Broadcasted message: "Saving in 5 seconds...".
> Broadcasted message: "[Castelo Advanced] ATENCAO! A guild Hit Em Up esta muito proxima do dominio, ataquem!".
> Broadcasted message: "[Castelo Advanced] ATENCAO! A guild Caixao Sorridente esta muito proxima do dominio, ataquem!".
> Broadcasted message: "[Castelo Advanced] ATENCAO! A guild Hit Em Up esta muito proxima do dominio, ataquem!".
> Broadcasted message: "[Castelo Advanced] ATENCAO! A guild Caixao Sorridente esta muito proxima do dominio, ataquem!".
> Broadcasted message: "[Castelo Advanced] ATENCAO! A guild Hit Em Up esta muito proxima do dominio, ataquem!".
> Broadcasted message: "[Castelo Advanced] ATENCAO! A guild Caixao Sorridente esta muito proxima do dominio, ataquem!".
> Broadcasted message: "Gold Ritter: seis n morre tnc".
> Broadcasted message: "Rock Star: vcs n foca direito".
> Broadcasted message: "Gold Ritter: nois n tem dano msm a galera n tem set bom".
> Broadcasted message: "Green: arruma umo pra eles po".
> Broadcasted message: "Gold Ritter: acha que eu sou banco??".
> Broadcasted message: "[Castelo Advanced] ATENCAO! A guild Hit Em Up esta muito proxima do dominio, ataquem!".
> Broadcasted message: "[Castelo Advanced] ATENCAO! A guild Caixao Sorridente esta muito proxima do dominio, ataquem!".
> Broadcasted message: "[Castelo Advanced] ATENCAO! A guild Hit Em Up esta muito proxima do dominio, ataquem!".
> Broadcasted message: "[Castelo Advanced] ATENCAO! A guild Caixao Sorridente esta muito proxima do dominio, ataquem!".
> Broadcasted message: "[Castelo Advanced] ATENCAO! A guild Hit Em Up esta muito proxima do dominio, ataquem!".
> Broadcasted message: "[Castelo Advanced] ATENCAO! A guild Caixao Sorridente esta muito proxima do dominio, ataquem!".
> Broadcasted message: "[Castelo Advanced] ATENCAO! A guild Hit Em Up esta muito proxima do dominio, ataquem!".
> Broadcasted message: "[Castelo Advanced] ATENCAO! A guild Caixao Sorridente esta muito proxima do dominio, ataquem!".
> Broadcasted message: "[Castelo Advanced] ATENCAO! A guild Hit Em Up esta muito proxima do dominio, ataquem!".
> Broadcasted message: "[Castelo Advanced] ATENCAO! A guild Caixao Sorridente esta muito proxima do dominio, ataquem!".
> Broadcasted message: "[Castelo Advanced] ATENCAO! A guild Hit Em Up esta muito proxima do dominio, ataquem!".
> Broadcasted message: "[Castelo Advanced] ATENCAO! A guild Caixao Sorridente esta muito proxima do dominio, ataquem!".
> Broadcasted message: "[Castelo Advanced] ATENCAO! A guild Hit Em Up esta muito proxima do dominio, ataquem!".
> Broadcasted message: "[Castelo Advanced] ATENCAO! A guild Caixao Sorridente esta muito proxima do dominio, ataquem!".
> Broadcasted message: "[Castelo Advanced] ATENCAO! A guild Hit Em Up esta muito proxima do dominio, ataquem!".
> Broadcasted message: "[Castelo Advanced] ATENCAO! A guild Caixao Sorridente esta muito proxima do dominio, ataquem!".
> Broadcasted message: "[Castelo Advanced] ATENCAO! A guild Hit Em Up esta muito proxima do dominio, ataquem!".
> Broadcasted message: "[Castelo Advanced] ATENCAO! A guild Caixao Sorridente esta muito proxima do dominio, ataquem!".
> Broadcasted message: "Saving in 5 seconds...".
> Broadcasted message: "[Castelo Advanced] ATENCAO! A guild Hit Em Up esta muito proxima do dominio, ataquem!".
> Broadcasted message: "[Castelo Advanced] ATENCAO! A guild Caixao Sorridente esta muito proxima do dominio, ataquem!".
> Broadcasted message: "[ Castelo Guild Dominante ] Fechado, parabens a Atual Guild Dominante !".
> Broadcasted message: "Bazir: mINHA RAIVA QUE VCS N TEM ESTRATEGIA E FALAM QUE A GENTE TA FORTE".
> Broadcasted message: "Gold Ritter: pelo menos foi melhor que quarta pode fala kkk".
> Broadcasted message: "Neji Pelego: quase conseguiram me matar kkkkkkkkkkkk".
> Broadcasted message: "Neji Pelego: tiraram meu izanagi 2x".
> Broadcasted message: "Game map cleaning within 30 seconds, please pick up your items!".
> Broadcasted message: "Saving in 5 seconds...".
> Broadcasted message: "Game map cleaned, next clean in 2 hours.".
> Broadcasted message: "Gold Ritter: divertido deu pra gastar umas pot".
> Broadcasted message: "Neji Pelego: de 1600 pot fikei com 600".
> Broadcasted message: "Gold Ritter: nossa kk eu gastei 400".
> Broadcasted message: "Saving in 5 seconds...".
> Broadcasted message: "Saving in 5 seconds...".
> Broadcasted message: "Saving in 5 seconds...".
> Broadcasted message: "Saving in 5 seconds...".
> Broadcasted message: "Saving in 5 seconds...".
> Broadcasted message: "Saving in 5 seconds...".
> Broadcasted message: "Saving in 5 seconds...".
> Broadcasted message: "Saving in 5 seconds...".
> Broadcasted message: "Saving in 5 seconds...".
> Broadcasted message: "Saving in 5 seconds...".
> Broadcasted message: "Saving in 5 seconds...".
> Broadcasted message: "Game map cleaning within 30 seconds, please pick up your items!".
> Broadcasted message: "Saving in 5 seconds...".
> Broadcasted message: "Game map cleaned, next clean in 2 hours.".
> Broadcasted message: "Saving in 5 seconds...".
> Broadcasted message: "Saving in 5 seconds...".
> Broadcasted message: "Saving in 5 seconds...".
> Broadcasted message: "Saving in 5 seconds...".
> Broadcasted message: "Saving in 5 seconds...".
> Broadcasted message: "Saving in 5 seconds...".
> Broadcasted message: "Green: quem ai quere set s6 ?".
> Broadcasted message: "Saving in 5 seconds...".
> Broadcasted message: "Saving in 5 seconds...".
> Broadcasted message: "Saving in 5 seconds...".
> Broadcasted message: "Saving in 5 seconds...".
> Broadcasted message: "Green: SELL IZANAMI GLOVES".
> Broadcasted message: "Saving in 5 seconds...".
> Broadcasted message: "Green [122] Assassinou Lindamente o Glorioso Shinobi Teste [110]".
> Broadcasted message: "Game map cleaning within 30 seconds, please pick up your items!".
> Broadcasted message: "Saving in 5 seconds...".
> Broadcasted message: "Game map cleaned, next clean in 2 hours.".
> Broadcasted message: "Saving in 5 seconds...".
> Broadcasted message: "Saving in 5 seconds...".
> Broadcasted message: "Saving in 5 seconds...".
> Broadcasted message: "Saving in 5 seconds...".
> Broadcasted message: "Saving in 5 seconds...".
> Broadcasted message: "Saving in 5 seconds...".
> Broadcasted message: "Saving in 5 seconds...".
> Broadcasted message: "Saving in 5 seconds...".
> Broadcasted message: "Saving in 5 seconds...".
> Broadcasted message: "Saving in 5 seconds...".
> Broadcasted message: "Saving in 5 seconds...".
> Broadcasted message: "Game map cleaning within 30 seconds, please pick up your items!".
> Broadcasted message: "Saving in 5 seconds...".
> Broadcasted message: "Game map cleaned, next clean in 2 hours.".
> Broadcasted message: "Gold Ritter: to indo diaria negada".
> Broadcasted message: "Saving in 5 seconds...".
> Broadcasted message: "Gold Ritter: dps vou dnv pra quem ainda n pode fazer".
> Broadcasted message: "Saving in 5 seconds...".
> Broadcasted message: "Saving in 5 seconds...".
> Broadcasted message: "Saving in 5 seconds...".
> Broadcasted message: "Saving in 5 seconds...".
> Broadcasted message: "Saving in 5 seconds...".
> Broadcasted message: "Green [123] Assassinou Lindamente o Glorioso Shinobi Teste [110]".
> Broadcasted message: "Saving in 5 seconds...".
> Broadcasted message: "Saving in 5 seconds...".
> Broadcasted message: "Green [123] Assassinou Lindamente o Glorioso Shinobi Teste [110]".
> Broadcasted message: "Saving in 5 seconds...".
> Broadcasted message: "Saving in 5 seconds...".
> Broadcasted message: "Saving in 5 seconds...".
> Broadcasted message: "Game map cleaning within 30 seconds, please pick up your items!".
> Broadcasted message: "Saving in 5 seconds...".
> Broadcasted message: "Game map cleaned, next clean in 2 hours.".
> Broadcasted message: "Saving in 5 seconds...".
> Broadcasted message: "Saving in 5 seconds...".
> Broadcasted message: "Saving in 5 seconds...".
> Broadcasted message: "Saving in 5 seconds...".
> Broadcasted message: "Saving in 5 seconds...".
> Broadcasted message: "Toddynho: alguem quer matar naruto".
> Broadcasted message: "Saving in 5 seconds...".
> Broadcasted message: "Saving in 5 seconds...".
> Broadcasted message: "Saving in 5 seconds...".
> Broadcasted message: "Saving in 5 seconds...".
> Broadcasted message: "Saving in 5 seconds...".
> Broadcasted message: "Saving in 5 seconds...".
> Broadcasted message: "Game map cleaning within 30 seconds, please pick up your items!".
> Broadcasted message: "Saving in 5 seconds...".
> Broadcasted message: "Game map cleaned, next clean in 2 hours.".
> Broadcasted message: "Saving in 5 seconds...".
> Broadcasted message: "Saving in 5 seconds...".
> Broadcasted message: "Saving in 5 seconds...".
> Broadcasted message: "Saving in 5 seconds...".
> Broadcasted message: "Saving in 5 seconds...".
> Broadcasted message: "Saving in 5 seconds...".
> Broadcasted message: "Saving in 5 seconds...".
> Broadcasted message: "Saving in 5 seconds...".
> Broadcasted message: "Saving in 5 seconds...".
> Broadcasted message: "Saving in 5 seconds...".
> Broadcasted message: "Saving in 5 seconds...".
> Broadcasted message: "Game map cleaning within 30 seconds, please pick up your items!".
> Broadcasted message: "Saving in 5 seconds...".
> Broadcasted message: "Game map cleaned, next clean in 2 hours.".
> Broadcasted message: "Saving in 5 seconds...".
> Broadcasted message: "Saving in 5 seconds...".
> Broadcasted message: "Saving in 5 seconds...".
> Broadcasted message: "Saving in 5 seconds...".
> Broadcasted message: "Saving in 5 seconds...".
> Broadcasted message: "Saving in 5 seconds...".
> Broadcasted message: "Saving in 5 seconds...".
> Broadcasted message: "Saving in 5 seconds...".
> Broadcasted message: "Saving in 5 seconds...".
> Broadcasted message: "Saving in 5 seconds...".
> Broadcasted message: "Saving in 5 seconds...".
> Broadcasted message: "Game map cleaning within 30 seconds, please pick up your items!".
> Broadcasted message: "Saving in 5 seconds...".
> Broadcasted message: "Game map cleaned, next clean in 2 hours.".
> Broadcasted message: "Saving in 5 seconds...".
> Broadcasted message: "Saving in 5 seconds...".
> Broadcasted message: "Saving in 5 seconds...".
> Broadcasted message: "Saving in 5 seconds...".
> Broadcasted message: "Saving in 5 seconds...".
> Broadcasted message: "Saving in 5 seconds...".
> Broadcasted message: "Saving in 5 seconds...".
> Broadcasted message: "Saving in 5 seconds...".
> Broadcasted message: "Saving in 5 seconds...".
> Broadcasted message: "Saving in 5 seconds...".
> Broadcasted message: "Saving in 5 seconds...".
> Broadcasted message: "Game map cleaning within 30 seconds, please pick up your items!".
> Broadcasted message: "Saving in 5 seconds...".
> Broadcasted message: "Game map cleaned, next clean in 2 hours.".
> Broadcasted message: "Saving in 5 seconds...".
> Broadcasted message: "Saving in 5 seconds...".
> Broadcasted message: "Saving in 5 seconds...".
> Broadcasted message: "Saving in 5 seconds...".
> Broadcasted message: "Saving in 5 seconds...".
> Broadcasted message: "Migao Devas [124] Assassinou Lindamente o Glorioso Shinobi Gon Freecss [146]".
> Broadcasted message: "Gold Ritter [151] Assassinou Lindamente o Glorioso Shinobi Diego Mt [151]".
> Broadcasted message: "Saving in 5 seconds...".
> Broadcasted message: "Saving in 5 seconds...".
> Broadcasted message: "Saving in 5 seconds...".
> Broadcasted message: "Saving in 5 seconds...".
> Broadcasted message: "Saving in 5 seconds...".
> Broadcasted message: "Saving in 5 seconds...".
> Broadcasted message: "Game map cleaning within 30 seconds, please pick up your items!".
> Broadcasted message: "Saving in 5 seconds...".
> Broadcasted message: "Game map cleaned, next clean in 2 hours.".
> Broadcasted message: "Gold Ritter [151] Assassinou Lindamente o Glorioso Shinobi Green [124]".
> Broadcasted message: "Saving in 5 seconds...".
> Broadcasted message: "Saving in 5 seconds...".
> Broadcasted message: "Saving in 5 seconds...".
> Broadcasted message: "Green [124] Assassinou Lindamente o Glorioso Shinobi Eaemyg [113]".
> Broadcasted message: "Saving in 5 seconds...".
> Broadcasted message: "Saving in 5 seconds...".
> Broadcasted message: "Saving in 5 seconds...".
> Broadcasted message: "Saving in 5 seconds...".
> Broadcasted message: "Saving in 5 seconds...".
